-------------------|---------|----------|---------|---------|-------------------------------------------------
File               | % Stmts | % Branch | % Funcs | % Lines | Uncovered Line #s                               
-------------------|---------|----------|---------|---------|-------------------------------------------------
All files          |   56.25 |    40.76 |   56.09 |   59.32 |                                                 
 src               |   25.75 |     17.3 |   29.41 |   27.86 |                                                 
  config_loader.js |   25.75 |     17.3 |   29.41 |   27.86 | 14-93,111,114,127-129,141-151,159-170           
 src/utils         |   72.22 |    56.41 |      75 |   75.86 |                                                 
  deep_merge.js    |   72.22 |    56.41 |      75 |   75.86 | 110-119,123-128,132,148,185-200,226,230,238,242 
-------------------|---------|----------|---------|---------|-------------------------------------------------