-------------------|---------|----------|---------|---------|-------------------------------------------------
File               | % Stmts | % Branch | % Funcs | % Lines | Uncovered Line #s                               
-------------------|---------|----------|---------|---------|-------------------------------------------------
All files          |   58.33 |    44.96 |   56.09 |   61.58 |                                                 
 src               |   31.81 |    27.45 |   29.41 |   34.42 |                                                 
  config_loader.js |   31.81 |    27.45 |   29.41 |   34.42 | 14-93,142-152,160-171                           
 src/utils         |   72.22 |    56.41 |      75 |   75.86 |                                                 
  deep_merge.js    |   72.22 |    56.41 |      75 |   75.86 | 110-119,123-128,132,148,185-200,226,230,238,242 
-------------------|---------|----------|---------|---------|-------------------------------------------------